@!@!@STARTMSG 2262:0 @!@!@
TLC2 Version 2.18 of Day Month 20?? (rev: 6ee6e9f)
@!@!@ENDMSG 2262 @!@!@
@!@!@STARTMSG 2187:0 @!@!@
Running breadth-first search Model-Checking with fp 113 and seed 5514558604841929768 with 1 worker on 8 cores with 3559MB heap and 64MB offheap memory [pid: 26203] (Linux 5.4.0-1074-azure amd64, Oracle Corporation 17.0.2 x86_64, MSBDiskFPSet, DiskStateQueue).
@!@!@ENDMSG 2187 @!@!@
@!@!@STARTMSG 2220:0 @!@!@
Starting SANY...
@!@!@ENDMSG 2220 @!@!@
Parsing file /workspaces/ewd998/EWD998.tla
Parsing file /tmp/tlc-13642343294237684056/Integers.tla (jar:file:/home/codespace/.vscode-remote/extensions/alygin.vscode-tlaplus-nightly-2022.5.2815/tools/tla2tools.jar!/tla2sany/StandardModules/Integers.tla)
Parsing file /tmp/tlc-13642343294237684056/Naturals.tla (jar:file:/home/codespace/.vscode-remote/extensions/alygin.vscode-tlaplus-nightly-2022.5.2815/tools/tla2tools.jar!/tla2sany/StandardModules/Naturals.tla)
Parsing file /workspaces/ewd998/AsyncTerminationDetection.tla
Semantic processing of module Naturals
Semantic processing of module Integers
Semantic processing of module AsyncTerminationDetection
Semantic processing of module EWD998
@!@!@STARTMSG 2219:0 @!@!@
SANY finished.
@!@!@ENDMSG 2219 @!@!@
@!@!@STARTMSG 2185:0 @!@!@
Starting... (2022-06-27 05:58:47)
@!@!@ENDMSG 2185 @!@!@
@!@!@STARTMSG 2212:0 @!@!@
Implied-temporal checking--satisfiability problem has 1 branches.
@!@!@ENDMSG 2212 @!@!@
@!@!@STARTMSG 2189:0 @!@!@
Computing initial states...
@!@!@ENDMSG 2189 @!@!@
@!@!@STARTMSG 2190:0 @!@!@
Finished computing initial states: 1 distinct state generated at 2022-06-27 05:58:48.
@!@!@ENDMSG 2190 @!@!@
@!@!@STARTMSG 2112:1 @!@!@
Action property line 118, col 13 to line 118, col 25 of module AsyncTerminationDetection is violated.
@!@!@ENDMSG 2112 @!@!@
@!@!@STARTMSG 2121:1 @!@!@
The behavior up to this point is:
@!@!@ENDMSG 2121 @!@!@
@!@!@STARTMSG 2217:4 @!@!@
1: <Initial predicate>
/\ pending = (0 :> 0 @@ 1 :> 0)
/\ counter = (0 :> 0 @@ 1 :> 0)
/\ tokenPos = 1
/\ tokenColor = "black"
/\ active = (0 :> TRUE @@ 1 :> TRUE)
/\ tokenCounter = 0
/\ color = (0 :> "white" @@ 1 :> "white")

@!@!@ENDMSG 2217 @!@!@
@!@!@STARTMSG 2217:4 @!@!@
2: <Terminate line 107, col 5 to line 111, col 35 of module EWD998>
/\ pending = (0 :> 0 @@ 1 :> 0)
/\ counter = (0 :> 0 @@ 1 :> 0)
/\ tokenPos = 1
/\ tokenColor = "black"
/\ active = (0 :> FALSE @@ 1 :> TRUE)
/\ tokenCounter = 0
/\ color = (0 :> "white" @@ 1 :> "white")

@!@!@ENDMSG 2217 @!@!@
@!@!@STARTMSG 2217:4 @!@!@
3: <Terminate line 107, col 5 to line 111, col 35 of module EWD998>
/\ pending = (0 :> 0 @@ 1 :> 0)
/\ counter = (0 :> 0 @@ 1 :> 0)
/\ tokenPos = 1
/\ tokenColor = "black"
/\ active = (0 :> FALSE @@ 1 :> FALSE)
/\ tokenCounter = 0
/\ color = (0 :> "white" @@ 1 :> "white")

@!@!@ENDMSG 2217 @!@!@
@!@!@STARTMSG 2217:4 @!@!@
4: <PassToken line 134, col 5 to line 142, col 45 of module EWD998>
/\ pending = (0 :> 0 @@ 1 :> 0)
/\ counter = (0 :> 0 @@ 1 :> 0)
/\ tokenPos = 0
/\ tokenColor = "black"
/\ active = (0 :> FALSE @@ 1 :> FALSE)
/\ tokenCounter = 0
/\ color = (0 :> "white" @@ 1 :> "white")

@!@!@ENDMSG 2217 @!@!@
@!@!@STARTMSG 2217:4 @!@!@
5: <InitiateToken line 145, col 5 to line 152, col 45 of module EWD998>
/\ pending = (0 :> 0 @@ 1 :> 0)
/\ counter = (0 :> 0 @@ 1 :> 0)
/\ tokenPos = 1
/\ tokenColor = "white"
/\ active = (0 :> FALSE @@ 1 :> FALSE)
/\ tokenCounter = 0
/\ color = (0 :> "white" @@ 1 :> "white")

@!@!@ENDMSG 2217 @!@!@
@!@!@STARTMSG 2217:4 @!@!@
6: <PassToken line 134, col 5 to line 142, col 45 of module EWD998>
/\ pending = (0 :> 0 @@ 1 :> 0)
/\ counter = (0 :> 0 @@ 1 :> 0)
/\ tokenPos = 0
/\ tokenColor = "white"
/\ active = (0 :> FALSE @@ 1 :> FALSE)
/\ tokenCounter = 0
/\ color = (0 :> "white" @@ 1 :> "white")

@!@!@ENDMSG 2217 @!@!@
@!@!@STARTMSG 2200:0 @!@!@
Progress(6) at 2022-06-27 05:58:48: 558 states generated (55,800 s/min), 166 distinct states found (16,600 ds/min), 90 states left on queue.
@!@!@ENDMSG 2200 @!@!@
@!@!@STARTMSG 2199:0 @!@!@
558 states generated, 166 distinct states found, 90 states left on queue.
@!@!@ENDMSG 2199 @!@!@
@!@!@STARTMSG 2194:0 @!@!@
The depth of the complete state graph search is 6.
@!@!@ENDMSG 2194 @!@!@
@!@!@STARTMSG 2186:0 @!@!@
Finished in 606ms at (2022-06-27 05:58:48)
@!@!@ENDMSG 2186 @!@!@
